  alf_avx2.c
  avx2.c
  cost_avx2.c
  inter_pred_avx2.c
  intra_pred_avx2.c
  itdq_avx2.c
  pixel_avx2.c
  sao_avx2.c
  trans_avx2.c
  util_avx2.c
  com_alf.c
  com_cost.c
  com_df.c
  com_refman.c
  com_ipred.c
  com_itdq.c
  com_mc.c
  com_tables.c
  com_thread.c
  com_thread_win32.c
  正在编译...
  com_util.c
  com_sao.c
  alf_sse.c
  cost_sse.c
  deblock_sse.c
  inter_pred_sse.c
  intra_pred_sse.c
  itdq_sse.c
  pixel_sse.c
  sao_sse.c
  sse.c
  util_sse.c
  common.vcxproj -> E:\pull\uavs3e\build\x86_windows\..\..\lib\common.lib
